<?xml version="1.0" encoding="UTF-8"?>
<testsuite xmlns:xsi="http://www.w3.org/2001/XMLSchema-instance" xsi:noNamespaceSchemaLocation="https://maven.apache.org/surefire/maven-surefire-plugin/xsd/surefire-test-report.xsd" version="3.0.2" name="com.accenture.consumo.ConsumoApplicationTests" time="6.936" tests="1" errors="0" skipped="0" failures="0">
  <properties>
[...]
</properties>
  <testcase name="contextLoads" classname="com.accenture.consumo.ConsumoApplicationTests" time="0.814">
    <system-out><![CDATA[03:00:26.085 [main] INFO org.springframework.test.context.support.AnnotationConfigContextLoaderUtils -- Could not detect default configuration classes for test class [com.accenture.consumo.ConsumoApplicationTests]: ConsumoApplicationTests does not declare any static, non-private, non-final, nested classes annotated with @Configuration.
03:00:26.261 [main] INFO org.springframework.boot.test.context.SpringBootTestContextBootstrapper -- Found @SpringBootConfiguration com.accenture.consumo.ConsumoApplication for test class com.accenture.consumo.ConsumoApplicationTests
03:00:26.857 [main] INFO org.springframework.boot.devtools.restart.RestartApplicationListener -- Restart disabled due to context in which it is running

  .   ____          _            __ _ _
 /\\ / ___'_ __ _ _(_)_ __  __ _ \ \ \ \
( ( )\___ | '_ | '_| | '_ \/ _` | \ \ \ \
 \\/  ___)| |_)| | | | | || (_| |  ) ) ) )
  '  |____| .__|_| |_|_| |_\__, | / / / /
 =========|_|==============|___/=/_/_/_/

 :: Spring Boot ::                (v3.4.2)

2025-01-27T03:00:27.438-03:00  INFO 17844 --- [consumo] [           main] c.a.consumo.ConsumoApplicationTests      : Starting ConsumoApplicationTests using Java 22.0.2 with PID 17844 (started by raayr in C:\Users\raayr\Downloads\consumo)
2025-01-27T03:00:27.440-03:00  INFO 17844 --- [consumo] [           main] c.a.consumo.ConsumoApplicationTests      : No active profile set, falling back to 1 default profile: "default"
2025-01-27T03:00:28.531-03:00  INFO 17844 --- [consumo] [           main] .s.d.r.c.RepositoryConfigurationDelegate : Bootstrapping Spring Data JPA repositories in DEFAULT mode.
2025-01-27T03:00:28.562-03:00  INFO 17844 --- [consumo] [           main] .s.d.r.c.RepositoryConfigurationDelegate : Finished Spring Data repository scanning in 16 ms. Found 0 JPA repository interfaces.
2025-01-27T03:00:28.852-03:00  INFO 17844 --- [consumo] [           main] o.s.cloud.context.scope.GenericScope     : BeanFactory id=8e911fb3-39aa-3479-87f9-caf53eacbf0a
2025-01-27T03:00:29.242-03:00  INFO 17844 --- [consumo] [           main] com.zaxxer.hikari.HikariDataSource       : HikariPool-1 - Starting...
2025-01-27T03:00:29.575-03:00  INFO 17844 --- [consumo] [           main] com.zaxxer.hikari.pool.HikariPool        : HikariPool-1 - Added connection conn0: url=jdbc:h2:mem:38482d99-6724-435e-b1bd-7e27646c055d user=SA
2025-01-27T03:00:29.578-03:00  INFO 17844 --- [consumo] [           main] com.zaxxer.hikari.HikariDataSource       : HikariPool-1 - Start completed.
2025-01-27T03:00:29.661-03:00  INFO 17844 --- [consumo] [           main] o.hibernate.jpa.internal.util.LogHelper  : HHH000204: Processing PersistenceUnitInfo [name: default]
2025-01-27T03:00:29.793-03:00  INFO 17844 --- [consumo] [           main] org.hibernate.Version                    : HHH000412: Hibernate ORM core version 6.6.5.Final
2025-01-27T03:00:29.855-03:00  INFO 17844 --- [consumo] [           main] o.h.c.internal.RegionFactoryInitiator    : HHH000026: Second-level cache disabled
2025-01-27T03:00:30.362-03:00  INFO 17844 --- [consumo] [           main] o.s.o.j.p.SpringPersistenceUnitInfo      : No LoadTimeWeaver setup: ignoring JPA class transformer
2025-01-27T03:00:30.546-03:00  INFO 17844 --- [consumo] [           main] org.hibernate.orm.connections.pooling    : HHH10001005: Database info:
	Database JDBC URL [Connecting through datasource 'HikariDataSource (HikariPool-1)']
	Database driver: undefined/unknown
	Database version: 2.3.232
	Autocommit mode: undefined/unknown
	Isolation level: undefined/unknown
	Minimum pool size: undefined/unknown
	Maximum pool size: undefined/unknown
2025-01-27T03:00:30.996-03:00  INFO 17844 --- [consumo] [           main] o.h.e.t.j.p.i.JtaPlatformInitiator       : HHH000489: No JTA platform available (set 'hibernate.transaction.jta.platform' to enable JTA platform integration)
2025-01-27T03:00:31.004-03:00  INFO 17844 --- [consumo] [           main] j.LocalContainerEntityManagerFactoryBean : Initialized JPA EntityManagerFactory for persistence unit 'default'
2025-01-27T03:00:31.229-03:00  WARN 17844 --- [consumo] [           main] JpaBaseConfiguration$JpaWebConfiguration : spring.jpa.open-in-view is enabled by default. Therefore, database queries may be performed during view rendering. Explicitly configure spring.jpa.open-in-view to disable this warning
2025-01-27T03:00:31.904-03:00  INFO 17844 --- [consumo] [           main] c.a.consumo.ConsumoApplicationTests      : Started ConsumoApplicationTests in 5.071 seconds (process running for 6.826)
]]></system-out>
    <system-err><![CDATA[Mockito is currently self-attaching to enable the inline-mock-maker. This will no longer work in future releases of the JDK. Please add Mockito as an agent to your build what is described in Mockito's documentation: https://javadoc.io/doc/org.mockito/mockito-core/latest/org/mockito/Mockito.html#0.3
WARNING: A Java agent has been loaded dynamically (C:\Users\raayr\.m2\repository\net\bytebuddy\byte-buddy-agent\1.15.11\byte-buddy-agent-1.15.11.jar)
WARNING: If a serviceability tool is in use, please run with -XX:+EnableDynamicAgentLoading to hide this warning
WARNING: If a serviceability tool is not in use, please run with -Djdk.instrument.traceUsage for more information
WARNING: Dynamic loading of agents will be disallowed by default in a future release
]]></system-err>
  </testcase>
</testsuite>